# JRE version: OpenJDK Runtime Environment (8.0_91-b14) (build 1.8.0_91-8u91-b14-3ubuntu1~16.04.1-b14)
# Java VM: OpenJDK 64-Bit Server VM (25.91-b14 mixed mode linux-amd64 compressed oops)
Heap:
 PSYoungGen      total 207360K, used 21998K [0x00000000eab00000, 0x00000000f8e00000, 0x0000000100000000)
  eden space 185344K, 0% used [0x00000000eab00000,0x00000000eab00000,0x00000000f6000000)
  from space 22016K, 99% used [0x00000000f6000000,0x00000000f757b9e8,0x00000000f7580000)
  to   space 18944K, 0% used [0x00000000f7580000,0x00000000f7580000,0x00000000f8800000)
 ParOldGen       total 61440K, used 56105K [0x00000000c0000000, 0x00000000c3c00000, 0x00000000eab00000)
  object space 61440K, 91% used [0x00000000c0000000,0x00000000c36ca648,0x00000000c3c00000)
 Metaspace       used 6312K, capacity 7152K, committed 7296K, reserved 1056768K
  class space    used 584K, capacity 616K, committed 640K, reserved 1048576K
GC Heap History (10 events):
Event: 5,362 GC heap after
Heap after GC invocations=2 (full 0):
 PSYoungGen      total 50688K, used 3581K [0x00000000eab00000, 0x00000000ee000000, 0x0000000100000000)
  eden space 47104K, 0% used [0x00000000eab00000,0x00000000eab00000,0x00000000ed900000)
  from space 3584K, 99% used [0x00000000edc80000,0x00000000edfff428,0x00000000ee000000)
  to   space 3584K, 0% used [0x00000000ed900000,0x00000000ed900000,0x00000000edc80000)
 ParOldGen       total 61440K, used 4959K [0x00000000c0000000, 0x00000000c3c00000, 0x00000000eab00000)
  object space 61440K, 8% used [0x00000000c0000000,0x00000000c04d7ef0,0x00000000c3c00000)
 Metaspace       used 5780K, capacity 6896K, committed 7040K, reserved 1056768K
  class space    used 563K, capacity 616K, committed 640K, reserved 1048576K
}
Event: 7,308 GC heap before
{Heap before GC invocations=3 (full 0):
 PSYoungGen      total 50688K, used 50685K [0x00000000eab00000, 0x00000000ee000000, 0x0000000100000000)
  eden space 47104K, 100% used [0x00000000eab00000,0x00000000ed900000,0x00000000ed900000)
  from space 3584K, 99% used [0x00000000edc80000,0x00000000edfff428,0x00000000ee000000)
  to   space 3584K, 0% used [0x00000000ed900000,0x00000000ed900000,0x00000000edc80000)
 ParOldGen       total 61440K, used 4959K [0x00000000c0000000, 0x00000000c3c00000, 0x00000000eab00000)
  object space 61440K, 8% used [0x00000000c0000000,0x00000000c04d7ef0,0x00000000c3c00000)
 Metaspace       used 5827K, capacity 6896K, committed 7040K, reserved 1056768K
  class space    used 564K, capacity 616K, committed 640K, reserved 1048576K
Event: 7,450 GC heap after
Heap after GC invocations=3 (full 0):
 PSYoungGen      total 50688K, used 3559K [0x00000000eab00000, 0x00000000f0e00000, 0x0000000100000000)
  eden space 47104K, 0% used [0x00000000eab00000,0x00000000eab00000,0x00000000ed900000)
  from space 3584K, 99% used [0x00000000ed900000,0x00000000edc79d60,0x00000000edc80000)
  to   space 3584K, 0% used [0x00000000f0a80000,0x00000000f0a80000,0x00000000f0e00000)
 ParOldGen       total 61440K, used 12160K [0x00000000c0000000, 0x00000000c3c00000, 0x00000000eab00000)
  object space 61440K, 19% used [0x00000000c0000000,0x00000000c0be0030,0x00000000c3c00000)
 Metaspace       used 5827K, capacity 6896K, committed 7040K, reserved 1056768K
  class space    used 564K, capacity 616K, committed 640K, reserved 1048576K
}
Event: 8,453 GC heap before
{Heap before GC invocations=4 (full 0):
 PSYoungGen      total 50688K, used 50663K [0x00000000eab00000, 0x00000000f0e00000, 0x0000000100000000)
  eden space 47104K, 100% used [0x00000000eab00000,0x00000000ed900000,0x00000000ed900000)
  from space 3584K, 99% used [0x00000000ed900000,0x00000000edc79d60,0x00000000edc80000)
  to   space 3584K, 0% used [0x00000000f0a80000,0x00000000f0a80000,0x00000000f0e00000)
 ParOldGen       total 61440K, used 12160K [0x00000000c0000000, 0x00000000c3c00000, 0x00000000eab00000)
  object space 61440K, 19% used [0x00000000c0000000,0x00000000c0be0030,0x00000000c3c00000)
 Metaspace       used 5856K, capacity 6960K, committed 7040K, reserved 1056768K
  class space    used 564K, capacity 616K, committed 640K, reserved 1048576K
Event: 8,554 GC heap after
Heap after GC invocations=4 (full 0):
 PSYoungGen      total 97792K, used 3553K [0x00000000eab00000, 0x00000000f0e00000, 0x0000000100000000)
  eden space 94208K, 0% used [0x00000000eab00000,0x00000000eab00000,0x00000000f0700000)
  from space 3584K, 99% used [0x00000000f0a80000,0x00000000f0df87c8,0x00000000f0e00000)
  to   space 3584K, 0% used [0x00000000f0700000,0x00000000f0700000,0x00000000f0a80000)
 ParOldGen       total 61440K, used 18718K [0x00000000c0000000, 0x00000000c3c00000, 0x00000000eab00000)
  object space 61440K, 30% used [0x00000000c0000000,0x00000000c1247ad0,0x00000000c3c00000)
 Metaspace       used 5856K, capacity 6960K, committed 7040K, reserved 1056768K
  class space    used 564K, capacity 616K, committed 640K, reserved 1048576K
}
Event: 11,689 GC heap before
{Heap before GC invocations=5 (full 0):
 PSYoungGen      total 97792K, used 97761K [0x00000000eab00000, 0x00000000f0e00000, 0x0000000100000000)
  eden space 94208K, 100% used [0x00000000eab00000,0x00000000f0700000,0x00000000f0700000)
  from space 3584K, 99% used [0x00000000f0a80000,0x00000000f0df87c8,0x00000000f0e00000)
  to   space 3584K, 0% used [0x00000000f0700000,0x00000000f0700000,0x00000000f0a80000)
 ParOldGen       total 61440K, used 18718K [0x00000000c0000000, 0x00000000c3c00000, 0x00000000eab00000)
  object space 61440K, 30% used [0x00000000c0000000,0x00000000c1247ad0,0x00000000c3c00000)
 Metaspace       used 5953K, capacity 7024K, committed 7296K, reserved 1056768K
  class space    used 564K, capacity 616K, committed 640K, reserved 1048576K
Event: 11,960 GC heap after
Heap after GC invocations=5 (full 0):
 PSYoungGen      total 97792K, used 3554K [0x00000000eab00000, 0x00000000f8800000, 0x0000000100000000)
  eden space 94208K, 0% used [0x00000000eab00000,0x00000000eab00000,0x00000000f0700000)
  from space 3584K, 99% used [0x00000000f0700000,0x00000000f0a78948,0x00000000f0a80000)
  to   space 18944K, 0% used [0x00000000f7580000,0x00000000f7580000,0x00000000f8800000)
 ParOldGen       total 61440K, used 33512K [0x00000000c0000000, 0x00000000c3c00000, 0x00000000eab00000)
  object space 61440K, 54% used [0x00000000c0000000,0x00000000c20ba390,0x00000000c3c00000)
 Metaspace       used 5953K, capacity 7024K, committed 7296K, reserved 1056768K
  class space    used 564K, capacity 616K, committed 640K, reserved 1048576K
}
Event: 14,937 GC heap before
{Heap before GC invocations=6 (full 0):
 PSYoungGen      total 97792K, used 97762K [0x00000000eab00000, 0x00000000f8800000, 0x0000000100000000)
  eden space 94208K, 100% used [0x00000000eab00000,0x00000000f0700000,0x00000000f0700000)
  from space 3584K, 99% used [0x00000000f0700000,0x00000000f0a78948,0x00000000f0a80000)
  to   space 18944K, 0% used [0x00000000f7580000,0x00000000f7580000,0x00000000f8800000)
 ParOldGen       total 61440K, used 33512K [0x00000000c0000000, 0x00000000c3c00000, 0x00000000eab00000)
  object space 61440K, 54% used [0x00000000c0000000,0x00000000c20ba390,0x00000000c3c00000)
 Metaspace       used 6186K, capacity 7088K, committed 7296K, reserved 1056768K
  class space    used 582K, capacity 616K, committed 640K, reserved 1048576K
Event: 15,440 GC heap after
Heap after GC invocations=6 (full 0):
 PSYoungGen      total 204288K, used 17864K [0x00000000eab00000, 0x00000000f8e00000, 0x0000000100000000)
  eden space 185344K, 0% used [0x00000000eab00000,0x00000000eab00000,0x00000000f6000000)
  from space 18944K, 94% used [0x00000000f7580000,0x00000000f86f21c0,0x00000000f8800000)
  to   space 22016K, 0% used [0x00000000f6000000,0x00000000f6000000,0x00000000f7580000)
 ParOldGen       total 61440K, used 33512K [0x00000000c0000000, 0x00000000c3c00000, 0x00000000eab00000)
  object space 61440K, 54% used [0x00000000c0000000,0x00000000c20ba390,0x00000000c3c00000)
 Metaspace       used 6186K, capacity 7088K, committed 7296K, reserved 1056768K
  class space    used 582K, capacity 616K, committed 640K, reserved 1048576K
}
Event: 22,020 GC heap before
{Heap before GC invocations=7 (full 0):
 PSYoungGen      total 204288K, used 203208K [0x00000000eab00000, 0x00000000f8e00000, 0x0000000100000000)
  eden space 185344K, 100% used [0x00000000eab00000,0x00000000f6000000,0x00000000f6000000)
  from space 18944K, 94% used [0x00000000f7580000,0x00000000f86f21c0,0x00000000f8800000)
  to   space 22016K, 0% used [0x00000000f6000000,0x00000000f6000000,0x00000000f7580000)
 ParOldGen       total 61440K, used 33512K [0x00000000c0000000, 0x00000000c3c00000, 0x00000000eab00000)
  object space 61440K, 54% used [0x00000000c0000000,0x00000000c20ba390,0x00000000c3c00000)
 Metaspace       used 6312K, capacity 7152K, committed 7296K, reserved 1056768K
  class space    used 584K, capacity 616K, committed 640K, reserved 1048576K

